<?xml version="1.0" encoding="utf-8"?>
<deck>
  <card>
    <Rank>0001</Rank>
    <Question>le</Question>
    <Answer>him</Answer>
  </card>
  <card>
    <Rank>0002</Rank>
    <Question>de</Question>
    <Answer>of</Answer>
  </card>
  <card>
    <Rank>0003</Rank>
    <Question>un</Question>
    <Answer>a</Answer>
  </card>
  <card>
    <Rank>0004</Rank>
    <Question>à</Question>
    <Answer>to</Answer>
  </card>
  <card>
    <Rank>0005</Rank>
    <Question>être</Question>
    <Answer>being</Answer>
  </card>
  <card>
    <Rank>0006</Rank>
    <Question>et</Question>
    <Answer>and</Answer>
  </card>
  <card>
    <Rank>0007</Rank>
    <Question>en</Question>
    <Answer>in</Answer>
  </card>
  <card>
    <Rank>0008</Rank>
    <Question>avoir</Question>
    <Answer>possession</Answer>
  </card>
  <card>
    <Rank>0009</Rank>
    <Question>que</Question>
    <Answer>that</Answer>
  </card>
  <card>
    <Rank>0010</Rank>
    <Question>pour</Question>
    <Answer>for</Answer>
  </card>
  <card>
    <Rank>4991</Rank>
    <Question>provisoirement</Question>
    <Answer>temporarily</Answer>
  </card>
  <card>
    <Rank>4992</Rank>
    <Question>cocktail</Question>
    <Answer>cocktail</Answer>
  </card>
  <card>
    <Rank>4993</Rank>
    <Question>moyenne</Question>
    <Answer>average</Answer>
  </card>
  <card>
    <Rank>4994</Rank>
    <Question>rigoler</Question>
    <Answer>to laugh</Answer>
  </card>
  <card>
    <Rank>4995</Rank>
    <Question>compression</Question>
    <Answer>compression;</Answer>
  </card>
  <card>
    <Rank>4996</Rank>
    <Question>réfléchi</Question>
    <Answer>thoughtful</Answer>
  </card>
  <card>
    <Rank>4997</Rank>
    <Question>expérimenter</Question>
    <Answer>to experiment</Answer>
  </card>
  <card>
    <Rank>4998</Rank>
    <Question>détériorer</Question>
    <Answer>to deteriorate</Answer>
  </card>
  <card>
    <Rank>4999</Rank>
    <Question>exprès</Question>
    <Answer>deliberately</Answer>
  </card>
  <card>
    <Rank>5000</Rank>
    <Question>écrouler</Question>
    <Answer>to collapse</Answer>
  </card>
</deck>
